==============================================================================
pythonProject13                                                               
==============================================================================
pythonProject13.projet1- FILS DE CABLE - Quantité                             
==============================================================================
pythonProject13.projet1- FILS DE CABLE - Quantité.test5-3-Quantité :: Cable...
==============================================================================
Cables et fils electrique-Fils de cable                                 
  Traceback (most recent call last):
    ~~~~~~~~~~~~~~~~~~~~~~~~~~~~~~~~~~~~~~~~~~~~~~~~~~~~~~~~~~~~~~~~~~~~~~~~~~
    File  C:\Users\Ilham BOURHAIM\PycharmProjects\pythonProject13\projet1- FILS DE CABLE - Quantité\test5-3-Quantité.robot:10
    T:  Cables et fils electrique-Fils de cable    
    ~~~~~~~~~~~~~~~~~~~~~~~~~~~~~~~~~~~~~~~~~~~~~~~~~~~~~~~~~~~~~~~~~~~~~~~~~~
    File  C:\Users\Ilham BOURHAIM\PycharmProjects\pythonProject13\projet1- FILS DE CABLE - Quantité\test5-3-Quantité.robot:13
      clicker sur un produit et voir le panier    ${clicker_Produit}    ${Ajout_Panier}    ${Voirr_Panier}
      |  ${clicker_Produit} = xpath://a[contains(text(),'cable souple 16mm')] (str)
      |  ${Ajout_Panier} = xpath://button[contains(text(),'Ajouter au panier')] (str)
      |  ${Voirr_Panier} = xpath://header/div[1]/div[1]/div[1]/div[4]/ul[1]/li[3]/ul[1]/li[1]/div[1]/p[2]/a[1] (str)
    ~~~~~~~~~~~~~~~~~~~~~~~~~~~~~~~~~~~~~~~~~~~~~~~~~~~~~~~~~~~~~~~~~~~~~~~~~~
    File  C:\Users\Ilham BOURHAIM\PycharmProjects\pythonProject13\PO\Choose5-3_Quantite.robot:10
      Click Element    ${clicker_Produit}
      |  ${clicker_Produit} = xpath://a[contains(text(),'cable souple 16mm')] (str)
______________________________________________________________________________
| FAIL |
Element with locator 'xpath://a[contains(text(),'cable souple 16mm')]' not found.
------------------------------------------------------------------------------
pythonProject13.projet1- FILS DE CABLE - Quantité.test5-3-Quantité... | FAIL |
1 test, 0 passed, 1 failed
==============================================================================
pythonProject13.projet1- FILS DE CABLE - Quantité                     | FAIL |
1 test, 0 passed, 1 failed
==============================================================================
pythonProject13                                                       | FAIL |
1 test, 0 passed, 1 failed
==============================================================================
Output:  C:\Users\Ilham BOURHAIM\PycharmProjects\pythonProject13\pabot_results\30\output.xml
