==============================================================================
pythonProject13                                                               
==============================================================================
pythonProject13.projet1- FILS DE CABLE - Commande                             
==============================================================================
pythonProject13.projet1- FILS DE CABLE - Commande.test3-Cat2 :: Cables et f...
==============================================================================
Cables et fils electrique-Fils de cable                                 
  Traceback (most recent call last):
    ~~~~~~~~~~~~~~~~~~~~~~~~~~~~~~~~~~~~~~~~~~~~~~~~~~~~~~~~~~~~~~~~~~~~~~~~~~
    File  C:\Users\Ilham BOURHAIM\PycharmProjects\pythonProject13\projet1- FILS DE CABLE - Commande\test3-Cat2.robot:10
    T:  Cables et fils electrique-Fils de cable    
    ~~~~~~~~~~~~~~~~~~~~~~~~~~~~~~~~~~~~~~~~~~~~~~~~~~~~~~~~~~~~~~~~~~~~~~~~~~
    File  C:\Users\Ilham BOURHAIM\PycharmProjects\pythonProject13\projet1- FILS DE CABLE - Commande\test3-Cat2.robot:14
      valider la commande    ${Prénom}    ${Nom}    ${Nom_d_entreprise}    ${Numéro_nom_de_rue}    ${Ville}    ${Région_Département}    ${Code_postal}    ${Téléphone}    ${E_mail}
      |  ${Prénom} = Ilham (str)
      |  ${Nom} = Brh (str)
      |  ${Nom_d_entreprise} = AB (str)
      |  ${Numéro_nom_de_rue} = Hay Nahda (str)
      |  ${Ville} = Rabat (str)
      |  ${Région_Département} = Rabat-Salé-Kénitra (str)
      |  ${Code_postal} = 20200 (str)
      |  ${Téléphone} = 0651780789 (str)
      |  ${E_mail} = IlhamBrh1@gmail.com (str)
    ~~~~~~~~~~~~~~~~~~~~~~~~~~~~~~~~~~~~~~~~~~~~~~~~~~~~~~~~~~~~~~~~~~~~~~~~~~
    File  C:\Users\Ilham BOURHAIM\PycharmProjects\pythonProject13\PO\CommandePage.robot:34
      Select Checkbox    ${Accepter_les_conditions}
      |  ${Accepter_les_conditions} = id:terms (str)
______________________________________________________________________________
| FAIL |
StaleElementReferenceException: Message: stale element reference: element is not attached to the page document
  (Session info: chrome=110.0.5481.177)
Stacktrace:
Backtrace:
	(No symbol) [0x012037D3]
	(No symbol) [0x01198B81]
	(No symbol) [0x0109B36D]
	(No symbol) [0x0109E0FB]
	(No symbol) [0x0109DFD0]
	(No symbol) [0x0109E250]
	(No symbol) [0x010D4BFD]
	(No symbol) [0x010D26DB]
	(No symbol) [0x010CFD0B]
	(No symbol) [0x010CE4D8]
	(No symbol) [0x010C3253]
	(No symbol) [0x010EB41C]
	(No symbol) [0x010C2B96]
	(No symbol) [0x010EB774]
	(No symbol) [0x01101215]
	(No symbol) [0x010EB216]
	(No symbol) [0x010C0D97]
	(No symbol) [0x010C253D]
	GetHandleVerifier [0x0147ABF2+2510930]
	GetHandleVerifier [0x014A8EC1+2700065]
	GetHandleVerifier [0x014AC86C+2714828]
	GetHandleVerifier [0x012B3480+645344]
	(No symbol) [0x011A0FD2]
	(No symbol) [0x011A6C68]
	(No symbol) [0x011A6D4B]
	(No symbol) [0x011B0D6B]
	BaseThreadInitThunk [0x75FF00F9+25]
	RtlGetAppContainerNamedObjectPath [0x76F77BBE+286]
	RtlGetAppContainerNamedObjectPath [0x76F77B8E+238]
------------------------------------------------------------------------------
pythonProject13.projet1- FILS DE CABLE - Commande.test3-Cat2 :: Ca... | FAIL |
1 test, 0 passed, 1 failed
==============================================================================
pythonProject13.projet1- FILS DE CABLE - Commande                     | FAIL |
1 test, 0 passed, 1 failed
==============================================================================
pythonProject13                                                       | FAIL |
1 test, 0 passed, 1 failed
==============================================================================
Output:  C:\Users\Ilham BOURHAIM\PycharmProjects\pythonProject13\pabot_results\9\output.xml
