==============================================================================
pythonProject13                                                               
==============================================================================
pythonProject13.Projet1- FILS DE CABLE - Filtre TestCases                     
==============================================================================
pythonProject13.Projet1- FILS DE CABLE - Filtre TestCases.Test8 :: Cables e...
==============================================================================
Alimentations-Batteries                                                 
  Traceback (most recent call last):
    ~~~~~~~~~~~~~~~~~~~~~~~~~~~~~~~~~~~~~~~~~~~~~~~~~~~~~~~~~~~~~~~~~~~~~~~~~~
    File  C:\Users\Ilham BOURHAIM\PycharmProjects\pythonProject13\Projet1- FILS DE CABLE - Filtre_TestCases\test8.robot:9
    T:  Alimentations-Batteries    
    ~~~~~~~~~~~~~~~~~~~~~~~~~~~~~~~~~~~~~~~~~~~~~~~~~~~~~~~~~~~~~~~~~~~~~~~~~~
    File  C:\Users\Ilham BOURHAIM\PycharmProjects\pythonProject13\Projet1- FILS DE CABLE - Filtre_TestCases\test8.robot:11
      clicker sur Cables et fils electrique - Fils de cable    ${Categories}    ${Câbles_fils_electrique}    ${FILS_DE_CABLE}
      |  ${Categories} = xpath://span[contains(text(),'Categories')] (str)
      |  ${Câbles_fils_electrique} = xpath://header/div[1]/div[2]/div[1]/div[1]/ul[1]/li[2]/div[2]/div[1]/ul[1]/li[2]/a[1] (str)
      |  ${FILS_DE_CABLE} = css:body.page-template-default.page.page-id-837.theme-flatsome.woocommerce-js.yith-wcan-pro.lightbox.nav-dropdown-has-shadow.nav-dropdown-has-border.page-template-blank.page-template-blank-php:nth-child(2) div.content-area section.section:nth-child(3) div.section-content.relative:nth-child(2) div.row div.col.medium-4.small-12.large-4:nth-child(3) div.col-inner.box-shadow-3:nth-child(1) div.row.row-collapse div.col.medium-8.large-8:nth-child(2) div.col-inner h3:nth-child(2) > a:nth-child(1) (str)
    ~~~~~~~~~~~~~~~~~~~~~~~~~~~~~~~~~~~~~~~~~~~~~~~~~~~~~~~~~~~~~~~~~~~~~~~~~~
    File  C:\Users\Ilham BOURHAIM\PycharmProjects\pythonProject13\PO\test8-filtre.robot:24
      Click Element    ${Câbles_fils_electrique}
      |  ${Câbles_fils_electrique} = xpath://header/div[1]/div[2]/div[1]/div[1]/ul[1]/li[2]/div[2]/div[1]/ul[1]/li[2]/a[1] (str)
______________________________________________________________________________
| FAIL |
ElementNotInteractableException: Message: element not interactable
  (Session info: chrome=110.0.5481.177)
Stacktrace:
Backtrace:
	(No symbol) [0x012037D3]
	(No symbol) [0x01198B81]
	(No symbol) [0x0109B230]
	(No symbol) [0x010CE337]
	(No symbol) [0x010C3253]
	(No symbol) [0x010EB41C]
	(No symbol) [0x010C2B96]
	(No symbol) [0x010EB774]
	(No symbol) [0x01101215]
	(No symbol) [0x010EB216]
	(No symbol) [0x010C0D97]
	(No symbol) [0x010C253D]
	GetHandleVerifier [0x0147ABF2+2510930]
	GetHandleVerifier [0x014A8EC1+2700065]
	GetHandleVerifier [0x014AC86C+2714828]
	GetHandleVerifier [0x012B3480+645344]
	(No symbol) [0x011A0FD2]
	(No symbol) [0x011A6C68]
	(No symbol) [0x011A6D4B]
	(No symbol) [0x011B0D6B]
	BaseThreadInitThunk [0x75FF00F9+25]
	RtlGetAppContainerNamedObjectPath [0x76F77BBE+286]
	RtlGetAppContainerNamedObjectPath [0x76F77B8E+238]
------------------------------------------------------------------------------
pythonProject13.Projet1- FILS DE CABLE - Filtre TestCases.Test8 ::... | FAIL |
1 test, 0 passed, 1 failed
==============================================================================
pythonProject13.Projet1- FILS DE CABLE - Filtre TestCases             | FAIL |
1 test, 0 passed, 1 failed
==============================================================================
pythonProject13                                                       | FAIL |
1 test, 0 passed, 1 failed
==============================================================================
Output:  C:\Users\Ilham BOURHAIM\PycharmProjects\pythonProject13\pabot_results\47\output.xml
